<?xml version="1.0" encoding="UTF-8"?>
<!-- Generated by org.testng.reporters.JUnitReportReporter -->
<testsuite hostname="RizwanA_SAG" failures="0" tests="4" name="BUSINESSNEXT.SBCGOLD8.TESTSCENARIOS.SC_027_Lead_NTBNonIndiPitches" time="43.166" errors="0" timestamp="2023-01-10T16:20:00 IST" skipped="0">
  <testcase classname="BUSINESSNEXT.SBCGOLD8.TESTSCENARIOS.SC_027_Lead_NTBNonIndiPitches" name="SC_027_TC_001" time="15.012"/>
  <system-out>
    <![CDATA[Enter UserName
Enter Password]]>
  </system-out>
  <testcase classname="BUSINESSNEXT.SBCGOLD8.TESTSCENARIOS.SC_027_Lead_NTBNonIndiPitches" name="SC_027_TC_002" time="7.667"/>
  <system-out/>
  <testcase classname="BUSINESSNEXT.SBCGOLD8.TESTSCENARIOS.SC_027_Lead_NTBNonIndiPitches" name="SC_027_TC_003" time="8.119"/>
  <system-out/>
  <testcase classname="BUSINESSNEXT.SBCGOLD8.TESTSCENARIOS.SC_027_Lead_NTBNonIndiPitches" name="SC_027_TC_004" time="12.368"/>
  <system-out/>
</testsuite> <!-- BUSINESSNEXT.SBCGOLD8.TESTSCENARIOS.SC_027_Lead_NTBNonIndiPitches -->
