<?xml version="1.0" encoding="UTF-8"?>
<!-- Generated by org.testng.reporters.JUnitReportReporter -->
<testsuite hostname="RizwanA_SAG" failures="0" tests="1" name="BUSINESSNEXT.SBCGOLD8.TESTSCENARIOS.TC_007_Case_AccountBalanceComputation" time="128.213" errors="0" timestamp="2022-12-23T09:35:05 IST" skipped="0">
  <testcase classname="BUSINESSNEXT.SBCGOLD8.TESTSCENARIOS.TC_007_Case_AccountBalanceComputation" name="CreateNewLead" time="128.213"/>
  <system-out>
    <![CDATA[Enter UserName
Enter Password
Enter UserName
Enter Password]]>
  </system-out>
</testsuite> <!-- BUSINESSNEXT.SBCGOLD8.TESTSCENARIOS.TC_007_Case_AccountBalanceComputation -->
