<?xml version="1.0" encoding="UTF-8"?>
<!-- Generated by org.testng.reporters.JUnitReportReporter -->
<testsuite hostname="RizwanA_SAG" failures="0" tests="2" name="BUSINESSNEXT.SBCGOLD8.TESTSCENARIOS.TC_001_Lead_NTBLeadCreation" time="62.130" errors="0" timestamp="2022-12-22T19:10:34 IST" skipped="0">
  <testcase classname="BUSINESSNEXT.SBCGOLD8.TESTSCENARIOS.TC_001_Lead_NTBLeadCreation" name="TC_001" time="16.790"/>
  <system-out>
    <![CDATA[Enter UserName
Enter Password]]>
  </system-out>
  <testcase classname="BUSINESSNEXT.SBCGOLD8.TESTSCENARIOS.TC_001_Lead_NTBLeadCreation" name="TC_002" time="45.340"/>
  <system-out/>
</testsuite> <!-- BUSINESSNEXT.SBCGOLD8.TESTSCENARIOS.TC_001_Lead_NTBLeadCreation -->
