<?xml version="1.0" encoding="UTF-8"?>
<!-- Generated by org.testng.reporters.JUnitReportReporter -->
<testsuite hostname="RizwanA_SAG" failures="0" tests="9" name="BUSINESSNEXT.SBCGOLD8.TESTSCENARIOS.SC_004_Lead_DocsCollectedUnEmployed" time="129.486" errors="0" timestamp="2023-01-10T16:20:00 IST" skipped="0">
  <testcase classname="BUSINESSNEXT.SBCGOLD8.TESTSCENARIOS.SC_004_Lead_DocsCollectedUnEmployed" name="SC_004_TC_003" time="7.820"/>
  <system-out/>
  <testcase classname="BUSINESSNEXT.SBCGOLD8.TESTSCENARIOS.SC_004_Lead_DocsCollectedUnEmployed" name="SC_004_TC_009" time="5.801"/>
  <system-out/>
  <testcase classname="BUSINESSNEXT.SBCGOLD8.TESTSCENARIOS.SC_004_Lead_DocsCollectedUnEmployed" name="SC_004_TC_004" time="2.814"/>
  <system-out/>
  <testcase classname="BUSINESSNEXT.SBCGOLD8.TESTSCENARIOS.SC_004_Lead_DocsCollectedUnEmployed" name="SC_004_TC_007" time="23.333"/>
  <system-out/>
  <testcase classname="BUSINESSNEXT.SBCGOLD8.TESTSCENARIOS.SC_004_Lead_DocsCollectedUnEmployed" name="SC_004_TC_008" time="8.138"/>
  <system-out/>
  <testcase classname="BUSINESSNEXT.SBCGOLD8.TESTSCENARIOS.SC_004_Lead_DocsCollectedUnEmployed" name="SC_004_TC_005" time="12.922"/>
  <system-out/>
  <testcase classname="BUSINESSNEXT.SBCGOLD8.TESTSCENARIOS.SC_004_Lead_DocsCollectedUnEmployed" name="SC_004_TC_002" time="45.924"/>
  <system-out/>
  <testcase classname="BUSINESSNEXT.SBCGOLD8.TESTSCENARIOS.SC_004_Lead_DocsCollectedUnEmployed" name="SC_004_TC_001" time="10.736"/>
  <system-out>
    <![CDATA[Enter UserName
Enter Password]]>
  </system-out>
  <testcase classname="BUSINESSNEXT.SBCGOLD8.TESTSCENARIOS.SC_004_Lead_DocsCollectedUnEmployed" name="SC_004_TC_006" time="11.998"/>
  <system-out/>
</testsuite> <!-- BUSINESSNEXT.SBCGOLD8.TESTSCENARIOS.SC_004_Lead_DocsCollectedUnEmployed -->
