<?xml version="1.0" encoding="UTF-8"?>
<!-- Generated by org.testng.reporters.JUnitReportReporter -->
<testsuite hostname="RizwanA_SAG" failures="0" tests="2" name="BUSINESSNEXT.SBCGOLD8.TESTSCENARIOS.SC_030_Lead_Rejected" time="69.268" errors="0" timestamp="2022-12-30T15:44:51 IST" skipped="0">
  <testcase classname="BUSINESSNEXT.SBCGOLD8.TESTSCENARIOS.SC_030_Lead_Rejected" name="SC_030_TC_001" time="18.768"/>
  <system-out>
    <![CDATA[Enter UserName
Enter Password]]>
  </system-out>
  <testcase classname="BUSINESSNEXT.SBCGOLD8.TESTSCENARIOS.SC_030_Lead_Rejected" name="SC_030_TC_002" time="50.500"/>
  <system-out/>
</testsuite> <!-- BUSINESSNEXT.SBCGOLD8.TESTSCENARIOS.SC_030_Lead_Rejected -->
