<?xml version="1.0" encoding="UTF-8"?>
<!-- Generated by org.testng.reporters.JUnitReportReporter -->
<testsuite hostname="RizwanA_SAG" failures="0" tests="9" name="BUSINESSNEXT.SBCGOLD8.TESTSCENARIOS.SC_022_Lead_NTB_NonIndiDocsCollection" time="148.949" errors="0" timestamp="2023-01-10T16:20:00 IST" skipped="0">
  <testcase classname="BUSINESSNEXT.SBCGOLD8.TESTSCENARIOS.SC_022_Lead_NTB_NonIndiDocsCollection" name="SC_022_TC_001" time="13.100"/>
  <system-out>
    <![CDATA[Enter UserName
Enter Password]]>
  </system-out>
  <testcase classname="BUSINESSNEXT.SBCGOLD8.TESTSCENARIOS.SC_022_Lead_NTB_NonIndiDocsCollection" name="SC_022_TC_002" time="44.824"/>
  <system-out/>
  <testcase classname="BUSINESSNEXT.SBCGOLD8.TESTSCENARIOS.SC_022_Lead_NTB_NonIndiDocsCollection" name="SC_022_TC_003" time="7.719"/>
  <system-out/>
  <testcase classname="BUSINESSNEXT.SBCGOLD8.TESTSCENARIOS.SC_022_Lead_NTB_NonIndiDocsCollection" name="SC_022_TC_004" time="12.259"/>
  <system-out/>
  <testcase classname="BUSINESSNEXT.SBCGOLD8.TESTSCENARIOS.SC_022_Lead_NTB_NonIndiDocsCollection" name="SC_022_TC_005" time="10.701"/>
  <system-out/>
  <testcase classname="BUSINESSNEXT.SBCGOLD8.TESTSCENARIOS.SC_022_Lead_NTB_NonIndiDocsCollection" name="SC_022_TC_006" time="22.641"/>
  <system-out/>
  <testcase classname="BUSINESSNEXT.SBCGOLD8.TESTSCENARIOS.SC_022_Lead_NTB_NonIndiDocsCollection" name="SC_022_TC_007" time="23.606"/>
  <system-out/>
  <testcase classname="BUSINESSNEXT.SBCGOLD8.TESTSCENARIOS.SC_022_Lead_NTB_NonIndiDocsCollection" name="SC_022_TC_008" time="8.314"/>
  <system-out/>
  <testcase classname="BUSINESSNEXT.SBCGOLD8.TESTSCENARIOS.SC_022_Lead_NTB_NonIndiDocsCollection" name="SC_022_TC_009" time="5.785"/>
  <system-out/>
</testsuite> <!-- BUSINESSNEXT.SBCGOLD8.TESTSCENARIOS.SC_022_Lead_NTB_NonIndiDocsCollection -->
