<?xml version="1.0" encoding="UTF-8"?>
<!-- Generated by org.testng.reporters.JUnitReportReporter -->
<testsuite hostname="RizwanA_SAG" failures="0" tests="9" name="BUSINESSNEXT.SBCGOLD8.TESTSCENARIOS.TC_004_Lead_DocsCollectedUnEmployed" time="126.803" errors="0" timestamp="2022-12-23T09:35:05 IST" skipped="0">
  <testcase classname="BUSINESSNEXT.SBCGOLD8.TESTSCENARIOS.TC_004_Lead_DocsCollectedUnEmployed" name="LeadDocsCollectedUnEmployed7" time="7.383"/>
  <system-out/>
  <testcase classname="BUSINESSNEXT.SBCGOLD8.TESTSCENARIOS.TC_004_Lead_DocsCollectedUnEmployed" name="LeadDocsCollectedUnEmployed5" time="11.897"/>
  <system-out/>
  <testcase classname="BUSINESSNEXT.SBCGOLD8.TESTSCENARIOS.TC_004_Lead_DocsCollectedUnEmployed" name="LeadDocsCollectedUnEmployed6" time="22.091"/>
  <system-out/>
  <testcase classname="BUSINESSNEXT.SBCGOLD8.TESTSCENARIOS.TC_004_Lead_DocsCollectedUnEmployed" name="LeadDocsCollectedUnEmployed2" time="7.865"/>
  <system-out/>
  <testcase classname="BUSINESSNEXT.SBCGOLD8.TESTSCENARIOS.TC_004_Lead_DocsCollectedUnEmployed" name="LeadDocsCollectedUnEmployed3" time="2.565"/>
  <system-out/>
  <testcase classname="BUSINESSNEXT.SBCGOLD8.TESTSCENARIOS.TC_004_Lead_DocsCollectedUnEmployed" name="LeadDocsCollectedUnEmployed8" time="5.629"/>
  <system-out/>
  <testcase classname="BUSINESSNEXT.SBCGOLD8.TESTSCENARIOS.TC_004_Lead_DocsCollectedUnEmployed" name="LeadDocsCollectedUnEmployed" time="11.590"/>
  <system-out>
    <![CDATA[Enter UserName
Enter Password]]>
  </system-out>
  <testcase classname="BUSINESSNEXT.SBCGOLD8.TESTSCENARIOS.TC_004_Lead_DocsCollectedUnEmployed" name="LeadDocsCollectedUnEmployed4" time="12.760"/>
  <system-out/>
  <testcase classname="BUSINESSNEXT.SBCGOLD8.TESTSCENARIOS.TC_004_Lead_DocsCollectedUnEmployed" name="LeadDocsCollectedUnEmployed1" time="45.023"/>
  <system-out/>
</testsuite> <!-- BUSINESSNEXT.SBCGOLD8.TESTSCENARIOS.TC_004_Lead_DocsCollectedUnEmployed -->
