<?xml version="1.0" encoding="UTF-8"?>
<!-- Generated by org.testng.reporters.JUnitReportReporter -->
<testsuite hostname="RizwanA_SAG" failures="0" tests="1" name="BUSINESSNEXT.SBCGOLD8.TESTSCENARIOS.SC_002_Lead_NTBLeadAppointment" time="73.339" errors="0" timestamp="2023-01-10T16:20:00 IST" skipped="0">
  <testcase classname="BUSINESSNEXT.SBCGOLD8.TESTSCENARIOS.SC_002_Lead_NTBLeadAppointment" name="SC_002_TC_001" time="73.339"/>
  <system-out>
    <![CDATA[Enter UserName
Enter Password]]>
  </system-out>
</testsuite> <!-- BUSINESSNEXT.SBCGOLD8.TESTSCENARIOS.SC_002_Lead_NTBLeadAppointment -->
