<?xml version="1.0" encoding="UTF-8"?>
<!-- Generated by org.testng.reporters.JUnitReportReporter -->
<testsuite hostname="RizwanA_SAG" failures="0" tests="2" name="BUSINESSNEXT.SBCGOLD8.TESTSCENERIOS.TC_001_NTBLeadCreation" time="62.661" errors="0" timestamp="2022-12-20T18:20:11 IST" skipped="0">
  <testcase classname="BUSINESSNEXT.SBCGOLD8.TESTSCENERIOS.TC_001_NTBLeadCreation" name="CreateNewLead" time="17.561"/>
  <system-out>
    <![CDATA[Enter UserName
Enter Password]]>
  </system-out>
  <testcase classname="BUSINESSNEXT.SBCGOLD8.TESTSCENERIOS.TC_001_NTBLeadCreation" name="CreateNewLead1" time="45.100"/>
  <system-out/>
</testsuite> <!-- BUSINESSNEXT.SBCGOLD8.TESTSCENERIOS.TC_001_NTBLeadCreation -->
