<?xml version="1.0" encoding="UTF-8"?>
<!-- Generated by org.testng.reporters.JUnitReportReporter -->
<testsuite hostname="RizwanA_SAG" failures="0" tests="12" name="BUSINESSNEXT.SBCGOLD8.TESTSCENARIOS.SC_039_Lead_NTBJointTreauryIndi" time="748.688" errors="0" timestamp="2023-01-18T17:10:46 IST" skipped="0">
  <testcase classname="BUSINESSNEXT.SBCGOLD8.TESTSCENARIOS.SC_039_Lead_NTBJointTreauryIndi" name="SC_028_TC_001" time="14.337"/>
  <system-out>
    <![CDATA[Enter UserName
Enter Password]]>
  </system-out>
  <testcase classname="BUSINESSNEXT.SBCGOLD8.TESTSCENARIOS.SC_039_Lead_NTBJointTreauryIndi" name="SC_028_TC_002" time="45.023"/>
  <system-out/>
  <testcase classname="BUSINESSNEXT.SBCGOLD8.TESTSCENARIOS.SC_039_Lead_NTBJointTreauryIndi" name="SC_028_TC_003" time="9.765"/>
  <system-out/>
  <testcase classname="BUSINESSNEXT.SBCGOLD8.TESTSCENARIOS.SC_039_Lead_NTBJointTreauryIndi" name="SC_028_TC_004" time="19.112"/>
  <system-out/>
  <testcase classname="BUSINESSNEXT.SBCGOLD8.TESTSCENARIOS.SC_039_Lead_NTBJointTreauryIndi" name="SC_028_TC_005" time="12.019"/>
  <system-out/>
  <testcase classname="BUSINESSNEXT.SBCGOLD8.TESTSCENARIOS.SC_039_Lead_NTBJointTreauryIndi" name="SC_028_TC_006" time="8.696"/>
  <system-out/>
  <testcase classname="BUSINESSNEXT.SBCGOLD8.TESTSCENARIOS.SC_039_Lead_NTBJointTreauryIndi" name="SC_028_TC_007" time="92.426"/>
  <system-out/>
  <testcase classname="BUSINESSNEXT.SBCGOLD8.TESTSCENARIOS.SC_039_Lead_NTBJointTreauryIndi" name="SC_028_TC_008" time="96.615"/>
  <system-out/>
  <testcase classname="BUSINESSNEXT.SBCGOLD8.TESTSCENARIOS.SC_039_Lead_NTBJointTreauryIndi" name="SC_021_TC_009" time="170.466"/>
  <system-out/>
  <testcase classname="BUSINESSNEXT.SBCGOLD8.TESTSCENARIOS.SC_039_Lead_NTBJointTreauryIndi" name="SC_021_TC_010" time="35.554"/>
  <system-out/>
  <testcase classname="BUSINESSNEXT.SBCGOLD8.TESTSCENARIOS.SC_039_Lead_NTBJointTreauryIndi" name="SC_028_TC_011" time="123.473"/>
  <system-out/>
  <testcase classname="BUSINESSNEXT.SBCGOLD8.TESTSCENARIOS.SC_039_Lead_NTBJointTreauryIndi" name="SC_028_TC_012" time="121.202"/>
  <system-out>
    <![CDATA[Enter UserName
Enter Password]]>
  </system-out>
</testsuite> <!-- BUSINESSNEXT.SBCGOLD8.TESTSCENARIOS.SC_039_Lead_NTBJointTreauryIndi -->
