<?xml version="1.0" encoding="UTF-8"?>
<!-- Generated by org.testng.reporters.JUnitReportReporter -->
<testsuite hostname="RizwanA_SAG" failures="0" tests="8" name="BUSINESSNEXT.SBCGOLD8.TESTSCENARIOS.SC_006_Lead_ETBLeadCreation" time="142.196" errors="0" timestamp="2023-01-10T16:20:00 IST" skipped="0">
  <testcase classname="BUSINESSNEXT.SBCGOLD8.TESTSCENARIOS.SC_006_Lead_ETBLeadCreation" name="SC_006_TC_002" time="21.553"/>
  <system-out/>
  <testcase classname="BUSINESSNEXT.SBCGOLD8.TESTSCENARIOS.SC_006_Lead_ETBLeadCreation" name="SC_006_TC_006" time="10.511"/>
  <system-out/>
  <testcase classname="BUSINESSNEXT.SBCGOLD8.TESTSCENARIOS.SC_006_Lead_ETBLeadCreation" name="SC_006_TC_008" time="5.822"/>
  <system-out/>
  <testcase classname="BUSINESSNEXT.SBCGOLD8.TESTSCENARIOS.SC_006_Lead_ETBLeadCreation" name="SC_006_TC_004" time="7.091"/>
  <system-out/>
  <testcase classname="BUSINESSNEXT.SBCGOLD8.TESTSCENARIOS.SC_006_Lead_ETBLeadCreation" name="SC_006_TC_005" time="40.807"/>
  <system-out/>
  <testcase classname="BUSINESSNEXT.SBCGOLD8.TESTSCENARIOS.SC_006_Lead_ETBLeadCreation" name="SC_006_TC_003" time="12.992"/>
  <system-out/>
  <testcase classname="BUSINESSNEXT.SBCGOLD8.TESTSCENARIOS.SC_006_Lead_ETBLeadCreation" name="SC_006_TC_001" time="28.648"/>
  <system-out>
    <![CDATA[Enter UserName
Enter Password]]>
  </system-out>
  <testcase classname="BUSINESSNEXT.SBCGOLD8.TESTSCENARIOS.SC_006_Lead_ETBLeadCreation" name="SC_006_TC_007" time="14.772"/>
  <system-out/>
</testsuite> <!-- BUSINESSNEXT.SBCGOLD8.TESTSCENARIOS.SC_006_Lead_ETBLeadCreation -->
