<?xml version="1.0" encoding="UTF-8"?>
<!-- Generated by org.testng.reporters.JUnitReportReporter -->
<testsuite hostname="RizwanA_SAG" failures="0" tests="4" name="BUSINESSNEXT.SBCGOLD8.TESTSCENARIOS.SC_026_Lead_NTBIndiPitches" time="46.404" errors="0" timestamp="2023-01-10T16:20:00 IST" skipped="0">
  <testcase classname="BUSINESSNEXT.SBCGOLD8.TESTSCENARIOS.SC_026_Lead_NTBIndiPitches" name="SC_026_TC_001" time="15.528"/>
  <system-out>
    <![CDATA[Enter UserName
Enter Password]]>
  </system-out>
  <testcase classname="BUSINESSNEXT.SBCGOLD8.TESTSCENARIOS.SC_026_Lead_NTBIndiPitches" name="SC_026_TC_002" time="8.075"/>
  <system-out/>
  <testcase classname="BUSINESSNEXT.SBCGOLD8.TESTSCENARIOS.SC_026_Lead_NTBIndiPitches" name="SC_026_TC_003" time="7.603"/>
  <system-out/>
  <testcase classname="BUSINESSNEXT.SBCGOLD8.TESTSCENARIOS.SC_026_Lead_NTBIndiPitches" name="SC_026_TC_004" time="15.198"/>
  <system-out/>
</testsuite> <!-- BUSINESSNEXT.SBCGOLD8.TESTSCENARIOS.SC_026_Lead_NTBIndiPitches -->
