<?xml version="1.0" encoding="UTF-8"?>
<!-- Generated by org.testng.reporters.JUnitReportReporter -->
<testsuite hostname="RizwanA_SAG" failures="0" tests="2" name="BUSINESSNEXT.SBCGOLD8.TESTSCENARIOS.SC_009_Case_AccountBalanceComputation" time="190.670" errors="0" timestamp="2022-12-28T13:08:48 IST" skipped="0">
  <testcase classname="BUSINESSNEXT.SBCGOLD8.TESTSCENARIOS.SC_009_Case_AccountBalanceComputation" name="SC_009_TC_001" time="104.832"/>
  <system-out>
    <![CDATA[Enter UserName
Enter Password
Enter UserName
Enter Password]]>
  </system-out>
  <testcase classname="BUSINESSNEXT.SBCGOLD8.TESTSCENARIOS.SC_009_Case_AccountBalanceComputation" name="SC_009_TC_002" time="85.838"/>
  <system-out>
    <![CDATA[Enter UserName
Enter Password
Enter UserName
Enter Password]]>
  </system-out>
</testsuite> <!-- BUSINESSNEXT.SBCGOLD8.TESTSCENARIOS.SC_009_Case_AccountBalanceComputation -->
