<?xml version="1.0" encoding="UTF-8"?>
<!-- Generated by org.testng.reporters.JUnitReportReporter -->
<testsuite hostname="RizwanA_SAG" failures="0" tests="8" name="BUSINESSNEXT.SBCGOLD8.TESTSCENARIOS.SC_023_Lead_ETBLeadCreationNonIndi" time="91.982" errors="0" timestamp="2023-01-10T16:20:00 IST" skipped="0">
  <testcase classname="BUSINESSNEXT.SBCGOLD8.TESTSCENARIOS.SC_023_Lead_ETBLeadCreationNonIndi" name="SC_023_TC_001" time="30.417"/>
  <system-out>
    <![CDATA[Enter UserName
Enter Password]]>
  </system-out>
  <testcase classname="BUSINESSNEXT.SBCGOLD8.TESTSCENARIOS.SC_023_Lead_ETBLeadCreationNonIndi" name="SC_023_TC_002" time="16.174"/>
  <system-out/>
  <testcase classname="BUSINESSNEXT.SBCGOLD8.TESTSCENARIOS.SC_023_Lead_ETBLeadCreationNonIndi" name="SC_023_TC_003" time="3.866"/>
  <system-out/>
  <testcase classname="BUSINESSNEXT.SBCGOLD8.TESTSCENARIOS.SC_023_Lead_ETBLeadCreationNonIndi" name="SC_023_TC_004" time="2.369"/>
  <system-out/>
  <testcase classname="BUSINESSNEXT.SBCGOLD8.TESTSCENARIOS.SC_023_Lead_ETBLeadCreationNonIndi" name="SC_023_TC_005" time="9.814"/>
  <system-out/>
  <testcase classname="BUSINESSNEXT.SBCGOLD8.TESTSCENARIOS.SC_023_Lead_ETBLeadCreationNonIndi" name="SC_023_TC_006" time="11.106"/>
  <system-out/>
  <testcase classname="BUSINESSNEXT.SBCGOLD8.TESTSCENARIOS.SC_023_Lead_ETBLeadCreationNonIndi" name="SC_023_TC_007" time="12.885"/>
  <system-out/>
  <testcase classname="BUSINESSNEXT.SBCGOLD8.TESTSCENARIOS.SC_023_Lead_ETBLeadCreationNonIndi" name="SC_023_TC_008" time="5.351"/>
  <system-out/>
</testsuite> <!-- BUSINESSNEXT.SBCGOLD8.TESTSCENARIOS.SC_023_Lead_ETBLeadCreationNonIndi -->
