<?xml version="1.0" encoding="UTF-8"?>
<!-- Generated by org.testng.reporters.JUnitReportReporter -->
<testsuite hostname="RizwanA_SAG" failures="0" tests="8" name="BUSINESSNEXT.SBCGOLD8.TESTSCENARIOS.SC_025_Lead_NTB_NonIndiLoanProcessor" time="106.997" errors="0" timestamp="2023-01-10T16:20:00 IST" skipped="0">
  <testcase classname="BUSINESSNEXT.SBCGOLD8.TESTSCENARIOS.SC_025_Lead_NTB_NonIndiLoanProcessor" name="SC_025_TC_001" time="13.960"/>
  <system-out>
    <![CDATA[Enter UserName
Enter Password]]>
  </system-out>
  <testcase classname="BUSINESSNEXT.SBCGOLD8.TESTSCENARIOS.SC_025_Lead_NTB_NonIndiLoanProcessor" name="SC_025_TC_002" time="11.275"/>
  <system-out/>
  <testcase classname="BUSINESSNEXT.SBCGOLD8.TESTSCENARIOS.SC_025_Lead_NTB_NonIndiLoanProcessor" name="SC_025_TC_003" time="7.645"/>
  <system-out/>
  <testcase classname="BUSINESSNEXT.SBCGOLD8.TESTSCENARIOS.SC_025_Lead_NTB_NonIndiLoanProcessor" name="SC_025_TC_004" time="12.281"/>
  <system-out/>
  <testcase classname="BUSINESSNEXT.SBCGOLD8.TESTSCENARIOS.SC_025_Lead_NTB_NonIndiLoanProcessor" name="SC_025_TC_005" time="9.896"/>
  <system-out/>
  <testcase classname="BUSINESSNEXT.SBCGOLD8.TESTSCENARIOS.SC_025_Lead_NTB_NonIndiLoanProcessor" name="SC_025_TC_006" time="23.014"/>
  <system-out/>
  <testcase classname="BUSINESSNEXT.SBCGOLD8.TESTSCENARIOS.SC_025_Lead_NTB_NonIndiLoanProcessor" name="SC_025_TC_007" time="23.351"/>
  <system-out/>
  <testcase classname="BUSINESSNEXT.SBCGOLD8.TESTSCENARIOS.SC_025_Lead_NTB_NonIndiLoanProcessor" name="SC_025_TC_008" time="5.575"/>
  <system-out/>
</testsuite> <!-- BUSINESSNEXT.SBCGOLD8.TESTSCENARIOS.SC_025_Lead_NTB_NonIndiLoanProcessor -->
