<?xml version="1.0" encoding="UTF-8"?>
<!-- Generated by org.testng.reporters.JUnitReportReporter -->
<testsuite hostname="RizwanA_SAG" failures="0" tests="9" name="BUSINESSNEXT.SBCGOLD8.TESTSCENARIOS.SC_028_Lead_NTBTrustIndi" time="396.272" errors="0" timestamp="2023-01-25T16:36:50 IST" skipped="0">
  <testcase classname="BUSINESSNEXT.SBCGOLD8.TESTSCENARIOS.SC_028_Lead_NTBTrustIndi" name="SC_028_TC_001" time="13.931"/>
  <system-out>
    <![CDATA[Enter UserName
Enter Password]]>
  </system-out>
  <testcase classname="BUSINESSNEXT.SBCGOLD8.TESTSCENARIOS.SC_028_Lead_NTBTrustIndi" name="SC_028_TC_002" time="45.754"/>
  <system-out/>
  <testcase classname="BUSINESSNEXT.SBCGOLD8.TESTSCENARIOS.SC_028_Lead_NTBTrustIndi" name="SC_028_TC_003" time="8.751"/>
  <system-out/>
  <testcase classname="BUSINESSNEXT.SBCGOLD8.TESTSCENARIOS.SC_028_Lead_NTBTrustIndi" name="SC_028_TC_004" time="19.380"/>
  <system-out/>
  <testcase classname="BUSINESSNEXT.SBCGOLD8.TESTSCENARIOS.SC_028_Lead_NTBTrustIndi" name="SC_028_TC_005" time="12.178"/>
  <system-out/>
  <testcase classname="BUSINESSNEXT.SBCGOLD8.TESTSCENARIOS.SC_028_Lead_NTBTrustIndi" name="SC_028_TC_006" time="8.499"/>
  <system-out/>
  <testcase classname="BUSINESSNEXT.SBCGOLD8.TESTSCENARIOS.SC_028_Lead_NTBTrustIndi" name="SC_028_TC_007" time="129.602"/>
  <system-out/>
  <testcase classname="BUSINESSNEXT.SBCGOLD8.TESTSCENARIOS.SC_028_Lead_NTBTrustIndi" name="SC_028_TC_008" time="125.532"/>
  <system-out/>
  <testcase classname="BUSINESSNEXT.SBCGOLD8.TESTSCENARIOS.SC_028_Lead_NTBTrustIndi" name="SC_028_TC_009" time="32.645"/>
  <system-out>
    <![CDATA[Enter UserName
Enter Password]]>
  </system-out>
</testsuite> <!-- BUSINESSNEXT.SBCGOLD8.TESTSCENARIOS.SC_028_Lead_NTBTrustIndi -->
