<?xml version="1.0" encoding="UTF-8"?>
<!-- Generated by org.testng.reporters.JUnitReportReporter -->
<testsuite hostname="RizwanA_SAG" failures="0" tests="1" name="BUSINESSNEXT.SBCGOLD8.TESTSCENARIOS.SC_015_Case_BankInitiatedInfoMaintenance" time="129.905" errors="0" timestamp="2023-01-16T14:58:17 IST" skipped="0">
  <testcase classname="BUSINESSNEXT.SBCGOLD8.TESTSCENARIOS.SC_015_Case_BankInitiatedInfoMaintenance" name="SC_015_TC_001" time="129.905"/>
  <system-out>
    <![CDATA[Enter UserName
Enter Password
Enter UserName
Enter Password]]>
  </system-out>
</testsuite> <!-- BUSINESSNEXT.SBCGOLD8.TESTSCENARIOS.SC_015_Case_BankInitiatedInfoMaintenance -->
